DEBUG main org.apache.ibatis.logging.LogFactory - Logging initialized using 'class org.apache.ibatis.logging.log4j.Log4jImpl' adapter.
DEBUG main org.mybatis.spring.SqlSessionUtils - Creating a new SqlSession
DEBUG main org.mybatis.spring.SqlSessionUtils - SqlSession [org.apache.ibatis.session.defaults.DefaultSqlSession@39ee94de] was not registered for synchronization because synchronization is not active
DEBUG main org.mybatis.spring.transaction.SpringManagedTransaction - JDBC Connection [com.mysql.cj.jdbc.ConnectionImpl@6413d7e7] will not be managed by Spring
DEBUG main com.wold.shiro.dao.UserDao.getUserByName - ==>  Preparing: SELECT * FROM users WHERE name= ?;
DEBUG main com.wold.shiro.dao.UserDao.getUserByName - ==> Parameters: zhang(String)
DEBUG main com.wold.shiro.dao.UserDao.getUserByName - <==      Total: 1
DEBUG main org.mybatis.spring.SqlSessionUtils - Closing non transactional SqlSession [org.apache.ibatis.session.defaults.DefaultSqlSession@39ee94de]
DEBUG main org.apache.ibatis.logging.LogFactory - Logging initialized using 'class org.apache.ibatis.logging.log4j.Log4jImpl' adapter.
DEBUG main org.mybatis.spring.SqlSessionUtils - Creating a new SqlSession
DEBUG main org.mybatis.spring.SqlSessionUtils - SqlSession [org.apache.ibatis.session.defaults.DefaultSqlSession@1665fa54] was not registered for synchronization because synchronization is not active
DEBUG main org.mybatis.spring.transaction.SpringManagedTransaction - JDBC Connection [com.mysql.cj.jdbc.ConnectionImpl@92d1782] will not be managed by Spring
DEBUG main com.wold.shiro.dao.UserDao.getUserByName - ==>  Preparing: SELECT * FROM users WHERE name= ?;
DEBUG main com.wold.shiro.dao.UserDao.getUserByName - ==> Parameters: zhang(String)
DEBUG main com.wold.shiro.dao.UserDao.getUserByName - <==      Total: 1
DEBUG main org.mybatis.spring.SqlSessionUtils - Closing non transactional SqlSession [org.apache.ibatis.session.defaults.DefaultSqlSession@1665fa54]
DEBUG main org.apache.ibatis.logging.LogFactory - Logging initialized using 'class org.apache.ibatis.logging.log4j.Log4jImpl' adapter.
DEBUG http-nio-8080-exec-1 org.mybatis.spring.SqlSessionUtils - Creating a new SqlSession
DEBUG http-nio-8080-exec-1 org.mybatis.spring.SqlSessionUtils - SqlSession [org.apache.ibatis.session.defaults.DefaultSqlSession@31bff480] was not registered for synchronization because synchronization is not active
DEBUG http-nio-8080-exec-1 org.mybatis.spring.transaction.SpringManagedTransaction - JDBC Connection [com.mysql.cj.jdbc.ConnectionImpl@42252c4f] will not be managed by Spring
DEBUG http-nio-8080-exec-1 com.wold.shiro.dao.UserDao.getUserByName - ==>  Preparing: SELECT * FROM users WHERE name= ?;
DEBUG http-nio-8080-exec-1 com.wold.shiro.dao.UserDao.getUserByName - ==> Parameters: root(String)
DEBUG http-nio-8080-exec-1 com.wold.shiro.dao.UserDao.getUserByName - <==      Total: 0
DEBUG http-nio-8080-exec-1 org.mybatis.spring.SqlSessionUtils - Closing non transactional SqlSession [org.apache.ibatis.session.defaults.DefaultSqlSession@31bff480]
DEBUG http-nio-8080-exec-4 org.mybatis.spring.SqlSessionUtils - Creating a new SqlSession
DEBUG http-nio-8080-exec-4 org.mybatis.spring.SqlSessionUtils - SqlSession [org.apache.ibatis.session.defaults.DefaultSqlSession@58e5c40b] was not registered for synchronization because synchronization is not active
DEBUG http-nio-8080-exec-4 org.mybatis.spring.transaction.SpringManagedTransaction - JDBC Connection [com.mysql.cj.jdbc.ConnectionImpl@42252c4f] will not be managed by Spring
DEBUG http-nio-8080-exec-4 com.wold.shiro.dao.UserDao.getUserByName - ==>  Preparing: SELECT * FROM users WHERE name= ?;
DEBUG http-nio-8080-exec-4 com.wold.shiro.dao.UserDao.getUserByName - ==> Parameters: root(String)
DEBUG http-nio-8080-exec-4 com.wold.shiro.dao.UserDao.getUserByName - <==      Total: 0
DEBUG http-nio-8080-exec-4 org.mybatis.spring.SqlSessionUtils - Closing non transactional SqlSession [org.apache.ibatis.session.defaults.DefaultSqlSession@58e5c40b]
DEBUG http-nio-8080-exec-2 org.mybatis.spring.SqlSessionUtils - Creating a new SqlSession
DEBUG http-nio-8080-exec-2 org.mybatis.spring.SqlSessionUtils - SqlSession [org.apache.ibatis.session.defaults.DefaultSqlSession@d7e13a1] was not registered for synchronization because synchronization is not active
DEBUG http-nio-8080-exec-2 org.mybatis.spring.transaction.SpringManagedTransaction - JDBC Connection [com.mysql.cj.jdbc.ConnectionImpl@42252c4f] will not be managed by Spring
DEBUG http-nio-8080-exec-2 com.wold.shiro.dao.UserDao.getUserByName - ==>  Preparing: SELECT * FROM users WHERE name= ?;
DEBUG http-nio-8080-exec-2 com.wold.shiro.dao.UserDao.getUserByName - ==> Parameters: zhang(String)
DEBUG http-nio-8080-exec-2 com.wold.shiro.dao.UserDao.getUserByName - <==      Total: 1
DEBUG http-nio-8080-exec-2 org.mybatis.spring.SqlSessionUtils - Closing non transactional SqlSession [org.apache.ibatis.session.defaults.DefaultSqlSession@d7e13a1]
DEBUG main org.apache.ibatis.logging.LogFactory - Logging initialized using 'class org.apache.ibatis.logging.log4j.Log4jImpl' adapter.
DEBUG main org.apache.ibatis.logging.LogFactory - Logging initialized using 'class org.apache.ibatis.logging.log4j.Log4jImpl' adapter.
DEBUG http-nio-8080-exec-4 org.mybatis.spring.SqlSessionUtils - Creating a new SqlSession
DEBUG http-nio-8080-exec-4 org.mybatis.spring.SqlSessionUtils - SqlSession [org.apache.ibatis.session.defaults.DefaultSqlSession@5c11194c] was not registered for synchronization because synchronization is not active
DEBUG http-nio-8080-exec-4 org.mybatis.spring.transaction.SpringManagedTransaction - JDBC Connection [com.mysql.cj.jdbc.ConnectionImpl@38f63f6c] will not be managed by Spring
DEBUG http-nio-8080-exec-4 com.wold.shiro.dao.UserDao.getUserByName - ==>  Preparing: SELECT * FROM users WHERE name= ?;
DEBUG http-nio-8080-exec-4 com.wold.shiro.dao.UserDao.getUserByName - ==> Parameters: zhang(String)
DEBUG http-nio-8080-exec-4 com.wold.shiro.dao.UserDao.getUserByName - <==      Total: 1
DEBUG http-nio-8080-exec-4 org.mybatis.spring.SqlSessionUtils - Closing non transactional SqlSession [org.apache.ibatis.session.defaults.DefaultSqlSession@5c11194c]
DEBUG http-nio-8080-exec-5 org.mybatis.spring.SqlSessionUtils - Creating a new SqlSession
DEBUG http-nio-8080-exec-5 org.mybatis.spring.SqlSessionUtils - SqlSession [org.apache.ibatis.session.defaults.DefaultSqlSession@39b97145] was not registered for synchronization because synchronization is not active
DEBUG http-nio-8080-exec-5 org.mybatis.spring.transaction.SpringManagedTransaction - JDBC Connection [com.mysql.cj.jdbc.ConnectionImpl@38f63f6c] will not be managed by Spring
DEBUG http-nio-8080-exec-5 com.wold.shiro.dao.UserDao.getUserByName - ==>  Preparing: SELECT * FROM users WHERE name= ?;
DEBUG http-nio-8080-exec-5 com.wold.shiro.dao.UserDao.getUserByName - ==> Parameters: zhang(String)
DEBUG http-nio-8080-exec-5 com.wold.shiro.dao.UserDao.getUserByName - <==      Total: 1
DEBUG http-nio-8080-exec-5 org.mybatis.spring.SqlSessionUtils - Closing non transactional SqlSession [org.apache.ibatis.session.defaults.DefaultSqlSession@39b97145]
DEBUG main org.apache.ibatis.logging.LogFactory - Logging initialized using 'class org.apache.ibatis.logging.log4j.Log4jImpl' adapter.
DEBUG http-nio-8080-exec-4 org.mybatis.spring.SqlSessionUtils - Creating a new SqlSession
DEBUG http-nio-8080-exec-4 org.mybatis.spring.SqlSessionUtils - SqlSession [org.apache.ibatis.session.defaults.DefaultSqlSession@e5ed3f2] was not registered for synchronization because synchronization is not active
DEBUG http-nio-8080-exec-4 org.mybatis.spring.transaction.SpringManagedTransaction - JDBC Connection [com.mysql.cj.jdbc.ConnectionImpl@34931bdc] will not be managed by Spring
DEBUG http-nio-8080-exec-4 com.wold.shiro.dao.UserDao.getUserByName - ==>  Preparing: SELECT * FROM users WHERE name= ?;
DEBUG http-nio-8080-exec-4 com.wold.shiro.dao.UserDao.getUserByName - ==> Parameters: zhang(String)
DEBUG http-nio-8080-exec-4 com.wold.shiro.dao.UserDao.getUserByName - <==      Total: 1
DEBUG http-nio-8080-exec-4 org.mybatis.spring.SqlSessionUtils - Closing non transactional SqlSession [org.apache.ibatis.session.defaults.DefaultSqlSession@e5ed3f2]
DEBUG main org.apache.ibatis.logging.LogFactory - Logging initialized using 'class org.apache.ibatis.logging.log4j.Log4jImpl' adapter.
DEBUG http-nio-8080-exec-4 org.mybatis.spring.SqlSessionUtils - Creating a new SqlSession
DEBUG http-nio-8080-exec-4 org.mybatis.spring.SqlSessionUtils - SqlSession [org.apache.ibatis.session.defaults.DefaultSqlSession@e5ed3f2] was not registered for synchronization because synchronization is not active
DEBUG http-nio-8080-exec-4 org.mybatis.spring.transaction.SpringManagedTransaction - JDBC Connection [com.mysql.cj.jdbc.ConnectionImpl@34931bdc] will not be managed by Spring
DEBUG http-nio-8080-exec-4 com.wold.shiro.dao.UserDao.getUserByName - ==>  Preparing: SELECT * FROM users WHERE name= ?;
DEBUG http-nio-8080-exec-4 com.wold.shiro.dao.UserDao.getUserByName - ==> Parameters: zhang(String)
DEBUG http-nio-8080-exec-4 com.wold.shiro.dao.UserDao.getUserByName - <==      Total: 1
DEBUG http-nio-8080-exec-4 org.mybatis.spring.SqlSessionUtils - Closing non transactional SqlSession [org.apache.ibatis.session.defaults.DefaultSqlSession@e5ed3f2]
DEBUG main org.apache.ibatis.logging.LogFactory - Logging initialized using 'class org.apache.ibatis.logging.log4j.Log4jImpl' adapter.
DEBUG http-nio-8080-exec-3 org.mybatis.spring.SqlSessionUtils - Creating a new SqlSession
DEBUG http-nio-8080-exec-3 org.mybatis.spring.SqlSessionUtils - SqlSession [org.apache.ibatis.session.defaults.DefaultSqlSession@164abf34] was not registered for synchronization because synchronization is not active
DEBUG http-nio-8080-exec-3 org.mybatis.spring.transaction.SpringManagedTransaction - JDBC Connection [com.mysql.cj.jdbc.ConnectionImpl@115ebda0] will not be managed by Spring
DEBUG http-nio-8080-exec-3 com.wold.shiro.dao.UserDao.getUserByName - ==>  Preparing: SELECT * FROM users WHERE name= ?;
DEBUG http-nio-8080-exec-3 com.wold.shiro.dao.UserDao.getUserByName - ==> Parameters: zhang(String)
DEBUG http-nio-8080-exec-3 com.wold.shiro.dao.UserDao.getUserByName - <==      Total: 1
DEBUG http-nio-8080-exec-3 org.mybatis.spring.SqlSessionUtils - Closing non transactional SqlSession [org.apache.ibatis.session.defaults.DefaultSqlSession@164abf34]
DEBUG main org.apache.ibatis.logging.LogFactory - Logging initialized using 'class org.apache.ibatis.logging.log4j.Log4jImpl' adapter.
DEBUG http-nio-8080-exec-7 org.mybatis.spring.SqlSessionUtils - Creating a new SqlSession
DEBUG http-nio-8080-exec-7 org.mybatis.spring.SqlSessionUtils - SqlSession [org.apache.ibatis.session.defaults.DefaultSqlSession@2d057819] was not registered for synchronization because synchronization is not active
DEBUG http-nio-8080-exec-7 org.mybatis.spring.transaction.SpringManagedTransaction - JDBC Connection [com.mysql.cj.jdbc.ConnectionImpl@3366ed4] will not be managed by Spring
DEBUG http-nio-8080-exec-7 com.wold.shiro.dao.UserDao.getUserByName - ==>  Preparing: SELECT * FROM users WHERE name= ?;
DEBUG http-nio-8080-exec-7 com.wold.shiro.dao.UserDao.getUserByName - ==> Parameters: root(String)
DEBUG http-nio-8080-exec-7 com.wold.shiro.dao.UserDao.getUserByName - <==      Total: 1
DEBUG http-nio-8080-exec-7 org.mybatis.spring.SqlSessionUtils - Closing non transactional SqlSession [org.apache.ibatis.session.defaults.DefaultSqlSession@2d057819]
DEBUG main org.apache.ibatis.logging.LogFactory - Logging initialized using 'class org.apache.ibatis.logging.log4j.Log4jImpl' adapter.
DEBUG http-nio-8080-exec-5 org.mybatis.spring.SqlSessionUtils - Creating a new SqlSession
DEBUG http-nio-8080-exec-5 org.mybatis.spring.SqlSessionUtils - SqlSession [org.apache.ibatis.session.defaults.DefaultSqlSession@41ad205] was not registered for synchronization because synchronization is not active
DEBUG http-nio-8080-exec-5 org.mybatis.spring.transaction.SpringManagedTransaction - JDBC Connection [com.mysql.cj.jdbc.ConnectionImpl@441f66a3] will not be managed by Spring
DEBUG http-nio-8080-exec-5 com.wold.shiro.dao.UserDao.getUserByName - ==>  Preparing: SELECT * FROM users WHERE name= ?;
DEBUG http-nio-8080-exec-5 com.wold.shiro.dao.UserDao.getUserByName - ==> Parameters: root(String)
DEBUG http-nio-8080-exec-5 com.wold.shiro.dao.UserDao.getUserByName - <==      Total: 1
DEBUG http-nio-8080-exec-5 org.mybatis.spring.SqlSessionUtils - Closing non transactional SqlSession [org.apache.ibatis.session.defaults.DefaultSqlSession@41ad205]
